{"accel":[-21,-124,2050],"magn":[-9,29,155]}
{"accel":[-22,-140,2053],"magn":[-7,44,136]}
{"accel":[-27,-135,2060],"magn":[-22,26,142]}
{"accel":[-34,-147,2026],"magn":[7,27,121]}
{"accel":[-307,-58,2603],"magn":[-6,23,139]}
{"accel":[-171,-80,2122],"magn":[18,50,130]}
{"accel":[-207,-190,1529],"magn":[-20,74,126]}
{"accel":[-109,-8,2277],"magn":[-26,23,127]}
{"accel":[-170,-73,2185],"magn":[-21,-17,143]}
{"accel":[27,300,2024],"magn":[-24,-80,152]}
{"accel":[337,-193,1806],"magn":[-17,-76,124]}
{"accel":[-109,-345,2074],"magn":[16,-101,116]}
{"accel":[-327,-462,1910],"magn":[-38,20,103]}
{"accel":[78,-730,1521],"magn":[40,-70,81]}
{"accel":[-173,-657,2323],"magn":[171,-130,102]}
{"accel":[-238,-222,2177],"magn":[390,-75,133]}
{"accel":[-154,1,2273],"magn":[371,87,124]}
{"accel":[-276,-232,2249],"magn":[352,215,139]}
{"accel":[-575,-19,1931],"magn":[235,299,157]}
{"accel":[-407,-62,2235],"magn":[135,242,106]}
{"accel":[-179,-242,1646],"magn":[49,215,132]}
{"accel":[-329,-188,2331],"magn":[95,132,96]}
{"accel":[-522,-237,1925],"magn":[45,71,114]}
{"accel":[82,148,1751],"magn":[16,33,106]}
{"accel":[-426,-222,1852],"magn":[31,42,127]}
{"accel":[-288,-258,2045],"magn":[41,62,126]}
{"accel":[20,-205,2116],"magn":[13,76,127]}
{"accel":[-260,-315,2084],"magn":[22,58,125]}
{"accel":[-169,-79,2223],"magn":[57,47,95]}
{"accel":[-187,-135,2409],"magn":[60,62,102]}
{"accel":[-883,-330,1548],"magn":[38,132,113]}
{"accel":[-723,-262,1879],"magn":[39,141,105]}
{"accel":[635,-82,2302],"magn":[41,72,87]}
{"accel":[311,-329,2258],"magn":[42,75,96]}
{"accel":[-363,-473,1904],"magn":[41,86,105]}
{"accel":[-603,-379,1942],"magn":[41,100,123]}
{"accel":[-329,-207,1967],"magn":[30,82,94]}
{"accel":[-290,-739,2106],"magn":[33,70,106]}
{"accel":[-496,-332,747],"magn":[-23,73,143]}
{"accel":[-3516,-1924,3823],"magn":[-23,3,127]}
{"accel":[351,-379,2373],"magn":[-7,-4,156]}
{"accel":[-1127,12,1454],"magn":[-37,71,152]}
{"accel":[-314,-286,2181],"magn":[-1,107,117]}
{"accel":[-70,-279,2034],"magn":[11,105,111]}
{"accel":[-109,-593,2365],"magn":[19,82,128]}
{"accel":[18,-459,1882],"magn":[-49,78,139]}
{"accel":[-80,670,2011],"magn":[-8,186,157]}
{"accel":[-8,460,1932],"magn":[-10,196,161]}
{"accel":[-298,-1183,2166],"magn":[-39,73,144]}
{"accel":[-226,-292,2114],"magn":[-27,65,138]}
{"accel":[-10,44,2106],"magn":[-40,98,129]}
{"accel":[-247,480,1770],"magn":[-12,110,134]}
{"accel":[-367,-1097,1668],"magn":[34,78,109]}
{"accel":[-123,-848,2004],"magn":[23,57,119]}
{"accel":[-461,398,1643],"magn":[-12,79,125]}
{"accel":[-39,-175,2132],"magn":[-11,88,130]}
{"accel":[-56,-239,2114],"magn":[-8,101,134]}
{"accel":[-126,-156,2114],"magn":[-16,74,120]}
{"accel":[-23,-275,3211],"magn":[-44,70,162]}
{"accel":[7,35,818],"magn":[-32,41,84]}
{"accel":[-58,75,866],"magn":[-41,52,91]}
{"accel":[-173,-449,3556],"magn":[-46,80,126]}
{"accel":[-91,-158,1915],"magn":[-41,47,128]}
{"accel":[-29,-139,967],"magn":[-40,84,119]}
{"accel":[-106,-84,2977],"magn":[-41,70,158]}
{"accel":[120,-251,2357],"magn":[-41,65,162]}
{"accel":[-27,-326,1234],"magn":[-36,93,134]}
{"accel":[-39,-237,1358],"magn":[-23,102,106]}
{"accel":[-27,-154,2196],"magn":[-27,93,134]}
{"accel":[-149,-18,2564],"magn":[-8,63,116]}
{"accel":[-68,-173,2057],"magn":[-6,58,132]}
{"accel":[-87,-313,2150],"magn":[3,59,133]}
{"accel":[-8,-318,2047],"magn":[-10,82,153]}
{"accel":[11,-334,2028],"magn":[-6,63,108]}
{"accel":[49,-336,2080],"magn":[5,96,154]}
{"accel":[-176,-103,2156],"magn":[5,90,150]}
{"accel":[137,31,1938],"magn":[7,86,138]}
{"accel":[-9,-238,2022],"magn":[-5,75,124]}
{"accel":[-3,-266,2034],"magn":[7,80,109]}
{"accel":[1,-250,2034],"magn":[5,82,106]}
{"accel":[-1,-264,2047],"magn":[-7,85,132]}
{"accel":[-11,-256,2044],"magn":[-12,71,139]}
{"accel":[-1,-266,2050],"magn":[-4,66,147]}
{"accel":[-8,-252,2028],"magn":[-10,80,145]}
{"accel":[-12,-260,2064],"magn":[8,80,132]}
{"accel":[1,-262,2047],"magn":[-18,70,141]}
{"accel":[-12,-270,2060],"magn":[14,68,136]}
{"accel":[-11,-260,2072],"magn":[4,68,133]}
{"accel":[1,-254,2042],"magn":[-7,79,141]}
{"accel":[-9,-256,2028],"magn":[11,78,163]}
{"accel":[-2,-260,2040],"magn":[-7,78,127]}
{"accel":[-15,-256,2044],"magn":[-5,71,122]}
{"accel":[-8,-258,2053],"magn":[14,75,136]}
{"accel":[-2,-262,2056],"magn":[0,69,144]}
{"accel":[-2,-256,2036],"magn":[0,79,132]}
{"accel":[-1,-272,2040],"magn":[-7,77,132]}
{"accel":[6,-254,2044],"magn":[-6,61,144]}
{"accel":[11,-254,2003],"magn":[-4,90,134]}
{"accel":[-14,-260,2046],"magn":[3,71,145]}
{"accel":[-9,-266,2043],"magn":[0,71,128]}
{"accel":[-6,-266,2056],"magn":[2,74,127]}
{"accel":[6,-264,2030],"magn":[3,85,126]}
{"accel":[0,-246,2045],"magn":[-8,83,148]}
{"accel":[4,-252,2036],"magn":[1,74,128]}
{"accel":[1,-252,2044],"magn":[10,55,134]}
{"accel":[-27,-306,2078],"magn":[-4,93,154]}
{"accel":[188,-164,2024],"magn":[-2,72,133]}
{"accel":[-13,-262,2055],"magn":[-6,81,143]}
{"accel":[69,-279,2041],"magn":[0,89,121]}
{"accel":[16,-276,2034],"magn":[-4,88,156]}
{"accel":[-9,-258,2044],"magn":[5,65,139]}
{"accel":[37,-322,2078],"magn":[-10,84,145]}
{"accel":[-123,-306,2030],"magn":[-7,73,129]}
{"accel":[49,-233,2047],"magn":[-3,83,150]}
